<?xml version="1.0" encoding="UTF-8"?>
<testng-results ignored="0" total="1" passed="1" failed="0" skipped="0">
  <reporter-output>
  </reporter-output>
  <suite started-at="2024-06-17T15:34:28 IST" name="Default suite" finished-at="2024-06-17T15:34:34 IST" duration-ms="6210">
    <groups>
    </groups>
    <test started-at="2024-06-17T15:34:28 IST" name="Default test" finished-at="2024-06-17T15:34:34 IST" duration-ms="6210">
      <class name="avinashtiwari.ExtentReport.ExtentReportsDemo">
        <test-method is-config="true" signature="config()[pri:0, instance:avinashtiwari.ExtentReport.ExtentReportsDemo@451001e5]" started-at="2024-06-17T15:34:28 IST" name="config" finished-at="2024-06-17T15:34:28 IST" duration-ms="311" status="PASS">
          <reporter-output>
          </reporter-output>
        </test-method> <!-- config -->
        <test-method signature="initialDemo()[pri:0, instance:avinashtiwari.ExtentReport.ExtentReportsDemo@451001e5]" started-at="2024-06-17T15:34:28 IST" name="initialDemo" finished-at="2024-06-17T15:34:34 IST" duration-ms="5849" status="PASS">
          <reporter-output>
          </reporter-output>
        </test-method> <!-- initialDemo -->
      </class> <!-- avinashtiwari.ExtentReport.ExtentReportsDemo -->
    </test> <!-- Default test -->
  </suite> <!-- Default suite -->
</testng-results>
